K = 5
----- Best alignment: -----
score:  56.18999999999998
TabularMSA[SyscallSequence]
---------------------------------
Stats:
    sequence count: 2
    position count: 33
---------------------------------
8----5-----5-5--------7--6-----9-
831445322415251112432371162443494
8555769
Duration: 1775.7726800478995

Others -----

Stats:
    sequence count: 2
    position count: 49
-------------------------------------------------
1---1------------1---1----------------6----3---3-
1183114454322352412321511222473233411264214394433
56.34999999999998
TabularMSA[SyscallSequence]
-------------------------------------------------
Stats:
    sequence count: 2
    position count: 49
-------------------------------------------------
1---1------------1---1----------------6-----9-4--
1183114454322352412321511222473233411264214394433
56.34999999999998
TabularMSA[SyscallSequence]
-------------------------------------------------
Stats:
    sequence count: 2
    position count: 49
-------------------------------------------------
1---1------------1---1----------------6-----9-4--
1183114454322352412321511222473233411264214394433
56.34999999999998
TabularMSA[SyscallSequence]
-------------------------------------------------
Stats:
    sequence count: 2
    position count: 49
-------------------------------------------------
1---1------------1---1----------------6-----9--3-
1183114454322352412321511222473233411264214394433
56.34999999999998
TabularMSA[SyscallSequence]
-------------------------------------------------
Stats:
    sequence count: 2
    position count: 49
-------------------------------------------------
1---1------------1---1----------------6-----9--3-
1183114454322352412321511222473233411264214394433
56.34999999999998
